app/build/intermediates/proguard-rules/release/aapt_rules.txt
# Referenced at res\layout\design_bottom_navigation_item.xml:0
-keep class android.support.design.internal.BaselineLayout { <init>(...); }

# Referenced at res\layout\design_navigation_item.xml:0
-keep class android.support.design.internal.NavigationMenuItemView { <init>(...); }

# Referenced at res\layout\design_navigation_menu.xml:0
-keep class android.support.design.internal.NavigationMenuView { <init>(...); }

# Referenced at res\layout\design_layout_snackbar_include.xml:0
-keep class android.support.design.internal.SnackbarContentLayout { <init>(...); }

# Referenced at res\layout\design_text_input_password_icon.xml:0
-keep class android.support.design.widget.CheckableImageButton { <init>(...); }

# Referenced at res\layout\design_bottom_sheet_dialog.xml:0
-keep class android.support.design.widget.CoordinatorLayout { <init>(...); }

# Referenced at res\layout-sw600dp-v13\design_layout_snackbar.xml:0
# Referenced at res\layout\design_layout_snackbar.xml:0
-keep class android.support.design.widget.Snackbar$SnackbarLayout { <init>(...); }

# Referenced at res\layout\abc_alert_dialog_material.xml:0
-keep class android.support.v4.widget.NestedScrollView { <init>(...); }

# Referenced at res\layout\abc_alert_dialog_button_bar_material.xml:0
# Referenced at res\layout\abc_alert_dialog_material.xml:0
# Referenced at res\layout\abc_alert_dialog_title_material.xml:0
-keep class android.support.v4.widget.Space { <init>(...); }

# Referenced at res\layout\abc_select_dialog_material.xml:0
-keep class android.support.v7.app.AlertController$RecycleListView { <init>(...); }

# Referenced at res\layout\abc_action_menu_item_layout.xml:0
-keep class android.support.v7.view.menu.ActionMenuItemView { <init>(...); }

# Referenced at res\layout\abc_expanded_menu_layout.xml:0
-keep class android.support.v7.view.menu.ExpandedMenuView { <init>(...); }

# Referenced at res\layout\abc_list_menu_item_layout.xml:0
# Referenced at res\layout\abc_popup_menu_item_layout.xml:0
-keep class android.support.v7.view.menu.ListMenuItemView { <init>(...); }

# Referenced at res\layout-v26\abc_screen_toolbar.xml:0
# Referenced at res\layout\abc_screen_toolbar.xml:0
-keep class android.support.v7.widget.ActionBarContainer { <init>(...); }

# Referenced at res\layout-v26\abc_screen_toolbar.xml:0
# Referenced at res\layout\abc_action_mode_bar.xml:0
# Referenced at res\layout\abc_screen_toolbar.xml:0
-keep class android.support.v7.widget.ActionBarContextView { <init>(...); }

# Referenced at res\layout-v26\abc_screen_toolbar.xml:0
# Referenced at res\layout\abc_screen_toolbar.xml:0
-keep class android.support.v7.widget.ActionBarOverlayLayout { <init>(...); }

# Referenced at res\layout\abc_action_menu_layout.xml:0
-keep class android.support.v7.widget.ActionMenuView { <init>(...); }

# Referenced at res\layout\abc_activity_chooser_view.xml:0
-keep class android.support.v7.widget.ActivityChooserView$InnerLayout { <init>(...); }

# Referenced at res\layout\abc_alert_dialog_material.xml:0
-keep class android.support.v7.widget.AlertDialogLayout { <init>(...); }

# Referenced at res\layout\abc_alert_dialog_button_bar_material.xml:0
-keep class android.support.v7.widget.ButtonBarLayout { <init>(...); }

# Referenced at res\layout\abc_screen_content_include.xml:0
-keep class android.support.v7.widget.ContentFrameLayout { <init>(...); }

# Referenced at res\layout\abc_alert_dialog_title_material.xml:0
-keep class android.support.v7.widget.DialogTitle { <init>(...); }

# Referenced at res\layout\abc_screen_simple_overlay_action_mode.xml:0
-keep class android.support.v7.widget.FitWindowsFrameLayout { <init>(...); }

# Referenced at res\layout\abc_dialog_title_material.xml:0
# Referenced at res\layout\abc_screen_simple.xml:0
-keep class android.support.v7.widget.FitWindowsLinearLayout { <init>(...); }

# Referenced at res\layout\abc_search_view.xml:0
-keep class android.support.v7.widget.SearchView$SearchAutoComplete { <init>(...); }

# Referenced at res\layout-v26\abc_screen_toolbar.xml:0
# Referenced at res\layout\abc_screen_toolbar.xml:0
# Referenced at res\layout\toolbar.xml:0
-keep class android.support.v7.widget.Toolbar { <init>(...); }

# Referenced at res\layout\abc_screen_simple.xml:0
# Referenced at res\layout\abc_screen_simple_overlay_action_mode.xml:0
-keep class android.support.v7.widget.ViewStubCompat { <init>(...); }

# Referenced at full\release\AndroidManifest.xml:70
-keep class com.crashlytics.android.CrashlyticsInitProvider { <init>(...); }

# Referenced at full\release\AndroidManifest.xml:45
-keep class com.github.gretaand.surfacewaterqualityapp.AboutActivity { <init>(...); }

# Referenced at full\release\AndroidManifest.xml:47
-keep class com.github.gretaand.surfacewaterqualityapp.BaseActivity { <init>(...); }

# Referenced at full\release\AndroidManifest.xml:46
-keep class com.github.gretaand.surfacewaterqualityapp.HelpActivity { <init>(...); }

# Referenced at full\release\AndroidManifest.xml:42
-keep class com.github.gretaand.surfacewaterqualityapp.LimitActivity { <init>(...); }

# Referenced at full\release\AndroidManifest.xml:31
-keep class com.github.gretaand.surfacewaterqualityapp.MainActivity { <init>(...); }

# Referenced at full\release\AndroidManifest.xml:38
-keep class com.github.gretaand.surfacewaterqualityapp.MapsActivity { <init>(...); }

# Referenced at full\release\AndroidManifest.xml:39
-keep class com.github.gretaand.surfacewaterqualityapp.ResultsActivity { <init>(...); }

# Referenced at res\layout\marker_cluster_custom.xml:0
-keep class com.github.gretaand.surfacewaterqualityapp.views.ClusterMarkerView { <init>(...); }

# Referenced at full\release\AndroidManifest.xml:61
-keep class com.google.android.gms.common.api.GoogleApiActivity { <init>(...); }

# Referenced at res\layout\activity_map.xml:0
-keep class com.google.android.gms.location.places.ui.PlaceAutocompleteFragment { <init>(...); }

# Referenced at res\layout\activity_map.xml:0
-keep class com.google.android.gms.maps.SupportMapFragment { <init>(...); }

# Referenced at res\layout\amu_text_bubble.xml:0
-keep class com.google.maps.android.ui.RotationLayout { <init>(...); }

# Referenced at res\layout\activity_limit_and_historical_graph.xml:0
-keep class com.jjoe64.graphview.GraphView { <init>(...); }