app/build/outputs/mapping/release/seeds.txt
com.github.gretaand.surfacewaterqualityapp.AboutActivity
com.github.gretaand.surfacewaterqualityapp.AboutActivity: AboutActivity()
com.github.gretaand.surfacewaterqualityapp.BaseActivity
com.github.gretaand.surfacewaterqualityapp.BaseActivity: BaseActivity()
com.github.gretaand.surfacewaterqualityapp.HelpActivity
com.github.gretaand.surfacewaterqualityapp.HelpActivity: HelpActivity()
com.github.gretaand.surfacewaterqualityapp.LimitActivity
com.github.gretaand.surfacewaterqualityapp.LimitActivity: LimitActivity()
com.github.gretaand.surfacewaterqualityapp.MainActivity
com.github.gretaand.surfacewaterqualityapp.MainActivity: MainActivity()
com.github.gretaand.surfacewaterqualityapp.MapsActivity
com.github.gretaand.surfacewaterqualityapp.MapsActivity: MapsActivity()
com.github.gretaand.surfacewaterqualityapp.R$anim: int abc_fade_in
com.github.gretaand.surfacewaterqualityapp.R$anim: int abc_fade_out
com.github.gretaand.surfacewaterqualityapp.R$anim: int abc_grow_fade_in_from_bottom
com.github.gretaand.surfacewaterqualityapp.R$anim: int abc_popup_enter
com.github.gretaand.surfacewaterqualityapp.R$anim: int abc_popup_exit
com.github.gretaand.surfacewaterqualityapp.R$anim: int abc_shrink_fade_out_from_bottom
com.github.gretaand.surfacewaterqualityapp.R$anim: int abc_slide_in_bottom
com.github.gretaand.surfacewaterqualityapp.R$anim: int abc_slide_in_top
com.github.gretaand.surfacewaterqualityapp.R$anim: int abc_slide_out_bottom
com.github.gretaand.surfacewaterqualityapp.R$anim: int abc_slide_out_top
com.github.gretaand.surfacewaterqualityapp.R$anim: int design_bottom_sheet_slide_in
com.github.gretaand.surfacewaterqualityapp.R$anim: int design_bottom_sheet_slide_out
com.github.gretaand.surfacewaterqualityapp.R$anim: int design_snackbar_in
com.github.gretaand.surfacewaterqualityapp.R$anim: int design_snackbar_out
com.github.gretaand.surfacewaterqualityapp.R$anim: int tooltip_enter
com.github.gretaand.surfacewaterqualityapp.R$anim: int tooltip_exit
com.github.gretaand.surfacewaterqualityapp.R$animator: int design_appbar_state_list_animator
com.github.gretaand.surfacewaterqualityapp.R$attr: int actionBarDivider
com.github.gretaand.surfacewaterqualityapp.R$attr: int actionBarItemBackground
com.github.gretaand.surfacewaterqualityapp.R$attr: int actionBarPopupTheme
com.github.gretaand.surfacewaterqualityapp.R$attr: int actionBarSize
com.github.gretaand.surfacewaterqualityapp.R$attr: int actionBarSplitStyle
com.github.gretaand.surfacewaterqualityapp.R$attr: int actionBarStyle
com.github.gretaand.surfacewaterqualityapp.R$attr: int actionBarTabBarStyle
com.github.gretaand.surfacewaterqualityapp.R$attr: int actionBarTabStyle
com.github.gretaand.surfacewaterqualityapp.R$attr: int actionBarTabTextStyle
com.github.gretaand.surfacewaterqualityapp.R$attr: int actionBarTheme
com.github.gretaand.surfacewaterqualityapp.R$attr: int actionBarWidgetTheme
com.github.gretaand.surfacewaterqualityapp.R$attr: int actionButtonStyle
com.github.gretaand.surfacewaterqualityapp.R$attr: int actionDropDownStyle
com.github.gretaand.surfacewaterqualityapp.R$attr: int actionLayout
com.github.gretaand.surfacewaterqualityapp.R$attr: int actionMenuTextAppearance
com.github.gretaand.surfacewaterqualityapp.R$attr: int actionMenuTextColor
com.github.gretaand.surfacewaterqualityapp.R$attr: int actionModeBackground
com.github.gretaand.surfacewaterqualityapp.R$attr: int actionModeCloseButtonStyle
com.github.gretaand.surfacewaterqualityapp.R$attr: int actionModeCloseDrawable
com.github.gretaand.surfacewaterqualityapp.R$attr: int actionModeCopyDrawable
...
com.google.android.gms.location.LocationSettingsRequest: android.os.Parcelable$Creator CREATOR
com.google.android.gms.location.LocationSettingsResult: android.os.Parcelable$Creator CREATOR
com.google.android.gms.location.LocationSettingsStates: android.os.Parcelable$Creator CREATOR
com.google.android.gms.location.places.AddPlaceRequest: android.os.Parcelable$Creator CREATOR
com.google.android.gms.location.places.AutocompleteFilter
com.google.android.gms.location.places.AutocompleteFilter: android.os.Parcelable$Creator CREATOR
com.google.android.gms.location.places.PlaceFilter: android.os.Parcelable$Creator CREATOR
com.google.android.gms.location.places.PlacePhotoMetadataResult: android.os.Parcelable$Creator CREATOR
com.google.android.gms.location.places.PlacePhotoResult: android.os.Parcelable$Creator CREATOR
com.google.android.gms.location.places.PlaceReport
com.google.android.gms.location.places.PlaceReport: android.os.Parcelable$Creator CREATOR
com.google.android.gms.location.places.internal.PlaceEntity
com.google.android.gms.location.places.internal.PlaceEntity: android.os.Parcelable$Creator CREATOR
com.google.android.gms.location.places.internal.zza: android.os.Parcelable$Creator CREATOR
com.google.android.gms.location.places.internal.zzaf: android.os.Parcelable$Creator CREATOR
com.google.android.gms.location.places.internal.zzah: android.os.Parcelable$Creator CREATOR
com.google.android.gms.location.places.internal.zzak: android.os.Parcelable$Creator CREATOR
com.google.android.gms.location.places.internal.zzam: android.os.Parcelable$Creator CREATOR
com.google.android.gms.location.places.internal.zzan: android.os.Parcelable$Creator CREATOR
com.google.android.gms.location.places.internal.zzao: android.os.Parcelable$Creator CREATOR
com.google.android.gms.location.places.internal.zzat: android.os.Parcelable$Creator CREATOR
com.google.android.gms.location.places.internal.zzb: android.os.Parcelable$Creator CREATOR
com.google.android.gms.location.places.ui.PlaceAutocompleteFragment
com.google.android.gms.location.places.ui.PlaceAutocompleteFragment: PlaceAutocompleteFragment()
com.google.android.gms.location.places.zzo: android.os.Parcelable$Creator CREATOR
com.google.android.gms.location.zzae: android.os.Parcelable$Creator CREATOR
com.google.android.gms.location.zzag: android.os.Parcelable$Creator CREATOR
com.google.android.gms.location.zze: android.os.Parcelable$Creator CREATOR
com.google.android.gms.location.zzz: android.os.Parcelable$Creator CREATOR
com.google.android.gms.maps.GoogleMapOptions
com.google.android.gms.maps.GoogleMapOptions: android.os.Parcelable$Creator CREATOR
com.google.android.gms.maps.StreetViewPanoramaOptions
com.google.android.gms.maps.StreetViewPanoramaOptions: android.os.Parcelable$Creator CREATOR
com.google.android.gms.maps.SupportMapFragment
com.google.android.gms.maps.SupportMapFragment: SupportMapFragment()
com.google.android.gms.maps.model.CameraPosition
com.google.android.gms.maps.model.CameraPosition: android.os.Parcelable$Creator CREATOR
com.google.android.gms.maps.model.Cap: android.os.Parcelable$Creator CREATOR
com.google.android.gms.maps.model.CircleOptions: android.os.Parcelable$Creator CREATOR
com.google.android.gms.maps.model.GroundOverlayOptions: android.os.Parcelable$Creator CREATOR
com.google.android.gms.maps.model.LatLng
com.google.android.gms.maps.model.LatLng: android.os.Parcelable$Creator CREATOR
com.google.android.gms.maps.model.LatLngBounds
com.google.android.gms.maps.model.LatLngBounds: android.os.Parcelable$Creator CREATOR
com.google.android.gms.maps.model.MapStyleOptions: android.os.Parcelable$Creator CREATOR
com.google.android.gms.maps.model.MarkerOptions: android.os.Parcelable$Creator CREATOR
com.google.android.gms.maps.model.PatternItem: android.os.Parcelable$Creator CREATOR
com.google.android.gms.maps.model.PointOfInterest: android.os.Parcelable$Creator CREATOR
com.google.android.gms.maps.model.PolygonOptions: android.os.Parcelable$Creator CREATOR