app/build/outputs/mapping/release/mapping.txt
com.github.gretaand.surfacewaterqualityapp.AboutActivity -> com.github.gretaand.surfacewaterqualityapp.AboutActivity:
    15:15:void <init>() -> <init>
    20:31:void onCreate(android.os.Bundle) -> onCreate
com.github.gretaand.surfacewaterqualityapp.BaseActivity -> com.github.gretaand.surfacewaterqualityapp.BaseActivity:
    27:27:void <init>() -> <init>
    36:38:void initToolbar(int) -> c
    48:50:boolean onCreateOptionsMenu(android.view.Menu) -> onCreateOptionsMenu
    61:76:boolean onOptionsItemSelected(android.view.MenuItem) -> onOptionsItemSelected
    89:95:android.text.Spanned getHtmlText(java.lang.String) -> a
    106:127:java.lang.String getVolleyErrorMessage(com.android.volley.VolleyError) -> a
com.github.gretaand.surfacewaterqualityapp.HelpActivity -> com.github.gretaand.surfacewaterqualityapp.HelpActivity:
    15:15:void <init>() -> <init>
    20:36:void onCreate(android.os.Bundle) -> onCreate
com.github.gretaand.surfacewaterqualityapp.LimitActivity -> com.github.gretaand.surfacewaterqualityapp.LimitActivity:
    java.lang.String mCharacteristicName -> m
    java.lang.String mActivityMediaName -> n
    int mStationId -> o
    java.lang.String mConvertedMeasureUnitCode -> p
    java.lang.String mMeasureUnitCode -> q
    com.github.gretaand.surfacewaterqualityapp.utils.Limit mLimit -> r
    android.widget.ProgressBar mProgressBar -> s
    double mLimitValue -> t
    android.view.View mContainerView -> u
    android.support.design.widget.Snackbar mSnackbar -> v
    float DP_FOR_PADDING -> w
    float DP_FOR_LABEL_SPACE -> x
    float DP_FOR_LINE_THICKNESS -> y
    int VOLLEY_TIMEOUT -> z
    java.util.HashMap params -> A
    46:86:void <init>() -> <init>
    90:115:void onCreate(android.os.Bundle) -> onCreate
    121:127:void onStart() -> onStart
    136:183:void getLimit() -> k
    192:240:void setLimitView(org.json.JSONArray) -> a
    249:425:void getResults() -> l
    437:511:void showBarGraph(com.jjoe64.graphview.series.BarGraphSeries,java.util.ArrayList) -> a
    523:585:void showLineGraph(com.jjoe64.graphview.series.LineGraphSeries,java.util.ArrayList) -> a
    588:591:float getPixels(float) -> a
    601:620:void showSnackbar(java.lang.String) -> b
    46:46:void access$000(com.github.gretaand.surfacewaterqualityapp.LimitActivity,org.json.JSONArray) -> a
    46:46:void access$100(com.github.gretaand.surfacewaterqualityapp.LimitActivity) -> a
com.github.gretaand.surfacewaterqualityapp.LimitActivity$1 -> com.github.gretaand.surfacewaterqualityapp.LimitActivity$1:
    com.github.gretaand.surfacewaterqualityapp.LimitActivity this$0 -> a
    142:142:void <init>(com.github.gretaand.surfacewaterqualityapp.LimitActivity) -> <init>
    148:156:void onResponse(org.json.JSONArray) -> a
    142:142:void onResponse(java.lang.Object) -> a
com.github.gretaand.surfacewaterqualityapp.LimitActivity$2 -> com.github.gretaand.surfacewaterqualityapp.LimitActivity$2:
    com.github.gretaand.surfacewaterqualityapp.LimitActivity this$0 -> a
    158:158:void <init>(com.github.gretaand.surfacewaterqualityapp.LimitActivity) -> <init>
    162:164:void onErrorResponse(com.android.volley.VolleyError) -> a
com.github.gretaand.surfacewaterqualityapp.LimitActivity$3 -> com.github.gretaand.surfacewaterqualityapp.LimitActivity$3:
    com.github.gretaand.surfacewaterqualityapp.LimitActivity this$0 -> a
    166:166:void <init>(com.github.gretaand.surfacewaterqualityapp.LimitActivity,java.lang.String,com.android.volley.Response$Listener,com.android.volley.Response$ErrorListener) -> <init>
    169:171:java.util.Map getHeaders() -> i
com.github.gretaand.surfacewaterqualityapp.LimitActivity$4 -> com.github.gretaand.surfacewaterqualityapp.LimitActivity$4:
    com.github.gretaand.surfacewaterqualityapp.LimitActivity this$0 -> a
    256:256:void <init>(com.github.gretaand.surfacewaterqualityapp.LimitActivity) -> <init>
    261:398:void onResponse(org.json.JSONArray) -> a
    256:256:void onResponse(java.lang.Object) -> a
...
android.support.v7.view.menu.CascadingMenuPopup$3$1 -> android.support.v7.view.menu.e$3$1:
    android.support.v7.view.menu.CascadingMenuPopup$CascadingMenuInfo val$nextInfo -> a
    android.view.MenuItem val$item -> b
    android.support.v7.view.menu.MenuBuilder val$menu -> c
    android.support.v7.view.menu.CascadingMenuPopup$3 this$1 -> d
    171:171:void <init>(android.support.v7.view.menu.CascadingMenuPopup$3,android.support.v7.view.menu.CascadingMenuPopup$CascadingMenuInfo,android.view.MenuItem,android.support.v7.view.menu.MenuBuilder) -> <init>
    176:188:void run() -> run
android.support.v7.view.menu.CascadingMenuPopup$CascadingMenuInfo -> android.support.v7.view.menu.e$a:
    android.support.v7.widget.MenuPopupWindow window -> a
    android.support.v7.view.menu.MenuBuilder menu -> b
    int position -> c
    788:792:void <init>(android.support.v7.widget.MenuPopupWindow,android.support.v7.view.menu.MenuBuilder,int) -> <init>
    795:795:android.widget.ListView getListView() -> a
android.support.v7.view.menu.ExpandedMenuView -> android.support.v7.view.menu.ExpandedMenuView:
    int[] TINT_ATTRS -> a
    android.support.v7.view.menu.MenuBuilder mMenu -> b
    int mAnimations -> c
    52:53:void <init>(android.content.Context,android.util.AttributeSet) -> <init>
    56:68:void <init>(android.content.Context,android.util.AttributeSet,int) -> <init>
    72:73:void initialize(android.support.v7.view.menu.MenuBuilder) -> a
    77:81:void onDetachedFromWindow() -> onDetachedFromWindow
    85:85:boolean invokeItem(android.support.v7.view.menu.MenuItemImpl) -> a
    91:92:void onItemClick(android.widget.AdapterView,android.view.View,int,long) -> onItemClick
    96:96:int getWindowAnimations() -> getWindowAnimations
    41:41:void <clinit>() -> <clinit>
android.support.v7.view.menu.ListMenuItemView -> android.support.v7.view.menu.ListMenuItemView:
    android.support.v7.view.menu.MenuItemImpl mItemData -> a
    android.widget.ImageView mIconView -> b
    android.widget.RadioButton mRadioButton -> c
    android.widget.TextView mTitleView -> d
    android.widget.CheckBox mCheckBox -> e
    android.widget.TextView mShortcutView -> f
    android.widget.ImageView mSubMenuArrowView -> g
    android.graphics.drawable.Drawable mBackground -> h
    int mTextAppearance -> i
    android.content.Context mTextAppearanceContext -> j
    boolean mPreserveIconSpacing -> k
    android.graphics.drawable.Drawable mSubMenuArrow -> l
    int mMenuType -> m
    android.view.LayoutInflater mInflater -> n
    boolean mForceShowIcon -> o
    68:69:void <init>(android.content.Context,android.util.AttributeSet) -> <init>
    72:86:void <init>(android.content.Context,android.util.AttributeSet,int) -> <init>
    90:105:void onFinishInflate() -> onFinishInflate
    109:121:void initialize(android.support.v7.view.menu.MenuItemImpl,int) -> a
    124:125:void setForceShowIcon(boolean) -> setForceShowIcon
    129:136:void setTitle(java.lang.CharSequence) -> setTitle
    140:140:android.support.v7.view.menu.MenuItemImpl getItemData() -> getItemData
    145:188:void setCheckable(boolean) -> setCheckable
    194:207:void setChecked(boolean) -> setChecked
    210:213:void setSubMenuArrowVisible(boolean) -> setSubMenuArrowVisible