app/build/outputs/mapping/release/usage.txt
com.github.gretaand.surfacewaterqualityapp.BuildConfig
com.github.gretaand.surfacewaterqualityapp.MainActivity:
    private static final int REQUEST_PERMISSIONS_REQUEST_CODE
com.github.gretaand.surfacewaterqualityapp.R
com.github.gretaand.surfacewaterqualityapp.R$anim
com.github.gretaand.surfacewaterqualityapp.R$animator
com.github.gretaand.surfacewaterqualityapp.R$attr
com.github.gretaand.surfacewaterqualityapp.R$bool
com.github.gretaand.surfacewaterqualityapp.R$color
com.github.gretaand.surfacewaterqualityapp.R$dimen
com.github.gretaand.surfacewaterqualityapp.R$drawable
com.github.gretaand.surfacewaterqualityapp.R$id
com.github.gretaand.surfacewaterqualityapp.R$integer
com.github.gretaand.surfacewaterqualityapp.R$layout
com.github.gretaand.surfacewaterqualityapp.R$menu
com.github.gretaand.surfacewaterqualityapp.R$mipmap
com.github.gretaand.surfacewaterqualityapp.R$raw
com.github.gretaand.surfacewaterqualityapp.R$string
com.github.gretaand.surfacewaterqualityapp.R$style
com.github.gretaand.surfacewaterqualityapp.R$styleable
...
android.support.graphics.drawable.R$styleable
android.support.graphics.drawable.VectorDrawableCompat:
    static final java.lang.String LOGTAG
    private static final java.lang.String SHAPE_CLIP_PATH
    private static final java.lang.String SHAPE_GROUP
    private static final java.lang.String SHAPE_PATH
    private static final java.lang.String SHAPE_VECTOR
    private static final int LINECAP_BUTT
    private static final int LINECAP_ROUND
    private static final int LINECAP_SQUARE
    private static final int LINEJOIN_MITER
    private static final int LINEJOIN_ROUND
    private static final int LINEJOIN_BEVEL
    private static final int MAX_CACHED_BITMAP_SIZE
    private static final boolean DBG_VECTOR_DRAWABLE
    522:535:public float getPixelSize()
    796:813:private void printGroupTree(android.support.graphics.drawable.VectorDrawableCompat$VGroup,int)
android.support.graphics.drawable.VectorDrawableCompat$VFullPath:
    private static final int FILL_TYPE_WINDING
    1713:1713:public boolean canApplyTheme()
    1787:1796:public void applyTheme(android.content.res.Resources$Theme)
android.support.graphics.drawable.VectorDrawableCompat$VPath:
    1525:1532:public void printVPath(int)
    1535:1543:public java.lang.String nodesToString(android.support.v4.graphics.PathParser$PathDataNode[])
    1564:1564:public boolean canApplyTheme()
    1568:1568:public void applyTheme(android.content.res.Resources$Theme)
android.support.graphics.drawable.VectorDrawableCompat$VectorDrawableCompatState:
    int[] mCachedThemeAttrs
android.support.graphics.drawable.animated.BuildConfig
android.support.graphics.drawable.animated.R
android.support.graphics.drawable.animated.R$attr
android.support.graphics.drawable.animated.R$bool
android.support.graphics.drawable.animated.R$color
android.support.graphics.drawable.animated.R$dimen
android.support.graphics.drawable.animated.R$drawable
android.support.graphics.drawable.animated.R$id
android.support.graphics.drawable.animated.R$integer
android.support.graphics.drawable.animated.R$layout
android.support.graphics.drawable.animated.R$string
android.support.graphics.drawable.animated.R$style
android.support.graphics.drawable.animated.R$styleable
android.support.mediacompat.BuildConfig
android.support.mediacompat.R
android.support.mediacompat.R$attr
android.support.mediacompat.R$bool
android.support.mediacompat.R$color
android.support.mediacompat.R$dimen
android.support.mediacompat.R$drawable
android.support.mediacompat.R$id
android.support.mediacompat.R$integer
android.support.mediacompat.R$layout
android.support.mediacompat.R$string
android.support.mediacompat.R$style
android.support.mediacompat.R$styleable
android.support.transition.AnimatorUtils:
    24:24:AnimatorUtils()
android.support.transition.ArcMotion
android.support.transition.AutoTransition:
    42:44:public AutoTransition(android.content.Context,android.util.AttributeSet)
android.support.transition.BuildConfig
android.support.transition.ChangeBounds:
    private static final java.lang.String PROPNAME_BOUNDS
    private static final java.lang.String PROPNAME_CLIP
    private static final java.lang.String PROPNAME_PARENT
    private static final java.lang.String PROPNAME_WINDOW_X
    private static final java.lang.String PROPNAME_WINDOW_Y
    162:179:public ChangeBounds(android.content.Context,android.util.AttributeSet)
    201:202:public void setResizeClip(boolean)
    212:212:public boolean getResizeClip()
android.support.transition.ChangeBounds$9:
    395:397:public void onTransitionCancel(android.support.transition.Transition)
android.support.transition.ChangeClipBounds
android.support.transition.ChangeClipBounds$1
android.support.transition.ChangeImageTransform
android.support.transition.ChangeImageTransform$1
android.support.transition.ChangeImageTransform$2
android.support.transition.ChangeImageTransform$3
android.support.transition.ChangeScroll
android.support.transition.ChangeTransform